demo/mapping/v1.0.5/seeds.txt
androidx.appcompat.widget.AppCompatTextView: void setCustomSelectionActionModeCallback(android.view.ActionMode$Callback)
com.google.android.material.shape.ShapeAppearancePathProvider: void appendCornerPath(com.google.android.material.shape.ShapeAppearancePathProvider$ShapeAppearancePathSpec,int)
androidx.vectordrawable.graphics.drawable.VectorDrawableCompat$VFullPath: void setTrimPathEnd(float)
com.google.android.material.transformation.FabTransformationScrimBehavior: FabTransformationScrimBehavior(android.content.Context,android.util.AttributeSet)
com.google.android.material.snackbar.Snackbar$SnackbarLayout: void setBackgroundDrawable(android.graphics.drawable.Drawable)
com.google.android.material.chip.ChipGroup: void setChipSpacingResource(int)
com.google.android.material.button.MaterialButton: android.content.res.ColorStateList getRippleColor()
com.google.android.material.bottomappbar.BottomAppBar: void setFabCradleRoundedCornerRadius(float)
androidx.core.view.WindowInsetsCompat$Impl29: void setStableInsets(androidx.core.graphics.Insets)
androidx.appcompat.widget.ViewStubCompat: void setOnInflateListener(androidx.appcompat.widget.ViewStubCompat$OnInflateListener)
com.pengxr.sampleloginlib.LoginActivity: LoginActivity()
androidx.appcompat.widget.AppCompatTextView: android.content.res.ColorStateList getSupportCompoundDrawablesTintList()
androidx.appcompat.widget.AppCompatImageView: android.content.res.ColorStateList getSupportBackgroundTintList()
androidx.vectordrawable.graphics.drawable.VectorDrawableCompat$VFullPath: int getStrokeColor()
com.pengxr.modular.eventbus.generated.events.EventDefineOfMainEventsKt: com.pengxr.modular.eventbus.facade.template.IEvent stickyEvent()
androidx.appcompat.widget.LinearLayoutCompat: int getDividerPadding()
androidx.appcompat.widget.ActionBarOverlayLayout: void setActionBarHideOffset(int)
com.google.android.material.card.MaterialCardView: int getStrokeColor()
com.google.android.material.textfield.TextInputLayout: android.widget.TextView getPrefixTextView()
androidx.appcompat.widget.AppCompatSpinner: void setBackgroundResource(int)
androidx.core.view.WindowInsetsCompat$BuilderImpl30: WindowInsetsCompat$BuilderImpl30(androidx.core.view.WindowInsetsCompat)
androidx.appcompat.app.AlertController$AlertParams: void createListView(androidx.appcompat.app.AlertController)
androidx.appcompat.widget.AppCompatImageButton: android.content.res.ColorStateList getSupportImageTintList()
androidx.cardview.widget.CardView: void setCardBackgroundColor(android.content.res.ColorStateList)
com.pengxr.sample.MyApplication: MyApplication()
androidx.lifecycle.ReportFragment$LifecycleCallbacks: void onActivityPaused(android.app.Activity)
com.pengxr.sample.events.IllegalEventTest: IllegalEventTest()
com.pengxr.sample.events.IgnoreEventTest: void ignoredMethod()
com.google.android.material.chip.Chip: void setCheckableResource(int)
com.google.android.material.card.MaterialCardView: void setMaxCardElevation(float)
androidx.core.view.WindowInsetsCompat$Impl: void setOverriddenInsets(androidx.core.graphics.Insets[])
androidx.appcompat.widget.AppCompatTextViewAutoSizeHelper$Impl23: void computeAndSetTextDirection(android.text.StaticLayout$Builder,android.widget.TextView)
androidx.appcompat.widget.AppCompatRadioButton: android.content.res.ColorStateList getSupportButtonTintList()
androidx.appcompat.widget.LinearLayoutCompat: LinearLayoutCompat(android.content.Context,android.util.AttributeSet)
androidx.core.view.WindowInsetsCompat$Impl20: boolean equals(java.lang.Object)
com.google.android.material.floatingactionbutton.ExtendedFloatingActionButton: void setShrinkMotionSpec(com.google.android.material.animation.MotionSpec)
com.google.android.material.textfield.TextInputEditText: TextInputEditText(android.content.Context,android.util.AttributeSet)
androidx.vectordrawable.graphics.drawable.VectorDrawableCompat$VGroup: void setTranslateY(float)