demo/mapping/v1.0.5/mapping.txt
# compiler: R8
# compiler_version: 3.1.66
# min_api: 14
# pg_map_id: d6baa06
# common_typos_disable
# {"id":"com.android.tools.r8.mapping","version":"1.0"}
...
androidx.cardview.widget.CardView -> l.a:
    androidx.cardview.widget.CardViewImpl IMPL -> d
    boolean mCompatPadding -> b
    boolean mPreventCornerOverlap -> c
androidx.cardview.widget.CardViewApi17Impl -> l.b:
    void initStatic() -> l
androidx.cardview.widget.CardViewApi21Impl -> l.c:
    1:1:void androidx.cardview.widget.RoundRectDrawable.setPadding(float,boolean,boolean):0:0 -> a
    1:1:void setMaxElevation(androidx.cardview.widget.CardViewDelegate,float):0 -> a
    2:2:void androidx.cardview.widget.CardViewApi21Impl.updatePadding(androidx.cardview.widget.CardViewDelegate):0:0 -> a
    2:2:void setMaxElevation(androidx.cardview.widget.CardViewDelegate,float):0 -> a
    3:3:float androidx.cardview.widget.CardViewApi21Impl.getMaxElevation(androidx.cardview.widget.CardViewDelegate):0:0 -> a
    3:3:void androidx.cardview.widget.CardViewApi21Impl.updatePadding(androidx.cardview.widget.CardViewDelegate):0 -> a
    3:3:void setMaxElevation(androidx.cardview.widget.CardViewDelegate,float):0 -> a
    4:4:float androidx.cardview.widget.RoundRectDrawable.getPadding():0:0 -> a
    4:4:float androidx.cardview.widget.CardViewApi21Impl.getMaxElevation(androidx.cardview.widget.CardViewDelegate):0 -> a
    4:4:void androidx.cardview.widget.CardViewApi21Impl.updatePadding(androidx.cardview.widget.CardViewDelegate):0 -> a
    4:4:void setMaxElevation(androidx.cardview.widget.CardViewDelegate,float):0 -> a
    5:5:float androidx.cardview.widget.CardViewApi21Impl.getRadius(androidx.cardview.widget.CardViewDelegate):0:0 -> a
    5:5:void androidx.cardview.widget.CardViewApi21Impl.updatePadding(androidx.cardview.widget.CardViewDelegate):0 -> a
androidx.cardview.widget.CardViewBaseImpl -> l.d:
    android.graphics.RectF mCornerRect -> a
    void setMaxElevation(androidx.cardview.widget.CardViewDelegate,float) -> a
    void setBackgroundColor(androidx.cardview.widget.CardViewDelegate,android.content.res.ColorStateList) -> b
    void onCompatPaddingChanged(androidx.cardview.widget.CardViewDelegate) -> c
    1:1:float androidx.cardview.widget.RoundRectDrawableWithShadow.getMinHeight():0:0 -> d
    1:1:float getMinHeight(androidx.cardview.widget.CardViewDelegate):0 -> d
    float getRadius(androidx.cardview.widget.CardViewDelegate) -> e
    android.content.res.ColorStateList getBackgroundColor(androidx.cardview.widget.CardViewDelegate) -> f
    void setElevation(androidx.cardview.widget.CardViewDelegate,float) -> g
    void setRadius(androidx.cardview.widget.CardViewDelegate,float) -> h
    float getElevation(androidx.cardview.widget.CardViewDelegate) -> i
    void onPreventCornerOverlapChanged(androidx.cardview.widget.CardViewDelegate) -> j
    float getMaxElevation(androidx.cardview.widget.CardViewDelegate) -> k
    void initStatic() -> l
    1:1:float androidx.cardview.widget.RoundRectDrawableWithShadow.getMinWidth():0:0 -> m
    1:1:float getMinWidth(androidx.cardview.widget.CardViewDelegate):0 -> m
    androidx.cardview.widget.RoundRectDrawableWithShadow getShadowBackground(androidx.cardview.widget.CardViewDelegate) -> n
androidx.cardview.widget.CardViewDelegate -> l.e:
    boolean getUseCompatPadding() -> a
    void setShadowPadding(int,int,int,int) -> b
    android.graphics.drawable.Drawable getCardBackground() -> c
    boolean getPreventCornerOverlap() -> d